24 INFO: wrote /Users/Browning/Programs/PyInstaller/sandbox/helloworld_tk.spec
24 WARNING: You are running 64-bit Python: created binaries will only work on Mac OS X 10.6+.
If you need 10.4-10.5 compatibility, run Python as a 32-bit binary with this command:

    VERSIONER_PYTHON_PREFER_32_BIT=yes arch -i386 /opt/boxen/homebrew/bin/python3

4034 INFO: UPX is available.
4035 INFO: Removing temporary files and cleaning cache in /Users/Browning/Library/Application Support/pyinstaller
4042 INFO: Extending PYTHONPATH with /Users/Browning/Programs/PyInstaller/sandbox
4043 INFO: checking Analysis
4043 INFO: building Analysis because out00-Analysis.toc non existent
4043 INFO: Creating base_library.zip for Python 3
4868 INFO: running Analysis out00-Analysis.toc
4877 INFO: Analyzing helloworld_tk.py
5499 INFO: Analyzing /opt/boxen/homebrew/Cellar/python3/3.4.2_1/Frameworks/Python.framework/Versions/3.4/lib/python3.4/site-packages/PyInstaller-3.0dev_23af2e3-py3.4.egg/PyInstaller/loader/_pyi_bootstrap.py
5518 INFO: Analyzing /opt/boxen/homebrew/Cellar/python3/3.4.2_1/Frameworks/Python.framework/Versions/3.4/lib/python3.4/site-packages/PyInstaller-3.0dev_23af2e3-py3.4.egg/PyInstaller/loader/pyi_importers.py
5520 INFO: Analyzing /opt/boxen/homebrew/Cellar/python3/3.4.2_1/Frameworks/Python.framework/Versions/3.4/lib/python3.4/site-packages/PyInstaller-3.0dev_23af2e3-py3.4.egg/PyInstaller/loader/pyi_archive.py
5523 INFO: Analyzing /opt/boxen/homebrew/Cellar/python3/3.4.2_1/Frameworks/Python.framework/Versions/3.4/lib/python3.4/site-packages/PyInstaller-3.0dev_23af2e3-py3.4.egg/PyInstaller/loader/pyi_carchive.py
5525 INFO: Analyzing /opt/boxen/homebrew/Cellar/python3/3.4.2_1/Frameworks/Python.framework/Versions/3.4/lib/python3.4/site-packages/PyInstaller-3.0dev_23af2e3-py3.4.egg/PyInstaller/loader/pyi_os_path.py
5526 INFO: Hidden import 'codecs' has been found otherwise
5526 INFO: Hidden import 'encodings' has been found otherwise
5526 INFO: Looking for import hooks ...
5529 INFO: Processing hook   hook-encodings.py
5668 INFO: Processing hook   hook-pydoc.py
5670 INFO: Processing hook   hook-distutils.py
5672 INFO: Processing hook   hook-xml.py
5730 INFO: Processing hook   hook-xml.sax.py
5731 INFO: Processing hook   hook-site.py
5732 INFO: Processing hook   hook-sysconfig.py
5733 INFO: Processing hook   hook-_tkinter.py
5736 INFO: checking Tree
5737 INFO: building because out00-Tree.toc missing or bad
5737 INFO: building Tree out00-Tree.toc
5776 INFO: checking Tree
5776 INFO: building because out01-Tree.toc missing or bad
5776 INFO: building Tree out01-Tree.toc
5791 INFO: Analyzing run-time hooks ...
5793 INFO: Including run-time hook 'pyi_rth_Tkinter.py'
5799 INFO: Looking for dynamic libraries
5842 INFO: Looking for eggs - TODO
5843 INFO: Using Python library /opt/boxen/homebrew/Cellar/python3/3.4.2_1/Frameworks/Python.framework/Versions/3.4/Python
5865 INFO: Warnings written to /Users/Browning/Programs/PyInstaller/sandbox/build/helloworld_tk/warnhelloworld_tk.txt
5865 INFO: checking PYZ
5865 INFO: rebuilding out00-PYZ.toc because out00-PYZ.pyz is missing
5865 INFO: building PYZ (ZlibArchive) out00-PYZ.toc
6204 INFO: checking PKG
6204 INFO: rebuilding out00-PKG.toc because out00-PKG.pkg is missing
6204 INFO: building PKG (CArchive) out00-PKG.pkg
6210 INFO: checking EXE
6210 INFO: rebuilding out00-EXE.toc because helloworld_tk missing
6210 INFO: building EXE from out00-EXE.toc
6212 INFO: Appending archive to EXE /Users/Browning/Programs/PyInstaller/sandbox/build/helloworld_tk/helloworld_tk
6214 INFO: checking COLLECT
6214 INFO: Removing dir /Users/Browning/Programs/PyInstaller/sandbox/dist/helloworld_tk
6219 INFO: building COLLECT out00-COLLECT.toc
6396 INFO: checking BUNDLE
6397 INFO: Removing dir /Users/Browning/Programs/PyInstaller/sandbox/dist/helloworld_tk.app
6402 INFO: building BUNDLE out00-BUNDLE.toc
