LOADER: executable is /Users/Browning/Programs/PyInstaller/sandbox/dist/helloworld_tk/helloworld_tk
LOADER: homepath is /Users/Browning/Programs/PyInstaller/sandbox/dist/helloworld_tk
LOADER: _MEIPASS2 is /Users/Browning/Programs/PyInstaller/sandbox/dist/helloworld_tk
LOADER: archivename is /Users/Browning/Programs/PyInstaller/sandbox/dist/helloworld_tk/helloworld_tk
LOADER: Already in the child - running user's code.
LOADER: Python library: /Users/Browning/Programs/PyInstaller/sandbox/dist/helloworld_tk/Python
LOADER: Loaded functions from Python library.
LOADER: Manipulating evironment (PYTHONPATH, PYTHONHOME)
LOADER: PYTHONPATH is /Users/Browning/Programs/PyInstaller/sandbox/dist/helloworld_tk/base_library.zip:/Users/Browning/Programs/PyInstaller/sandbox/dist/helloworld_tk
LOADER: PYTHONHOME is /Users/Browning/Programs/PyInstaller/sandbox/dist/helloworld_tk
LOADER: Setting runtime options
LOADER: Initializing python
LOADER: Setting sys.argv
LOADER: importing modules from CArchive
LOADER: extracted struct
LOADER: callfunction returned...
LOADER: extracted pyi_os_path
LOADER: callfunction returned...
LOADER: extracted pyi_archive
LOADER: callfunction returned...
LOADER: extracted pyi_importers
LOADER: callfunction returned...
LOADER: Installing import hooks
LOADER: out00-PYZ.pyz
LOADER: import sys; sys.path.append(r"/Users/Browning/Programs/PyInstaller/sandbox/dist/helloworld_tk/helloworld_tk?35400")

LOADER: Running scripts
Hello, world!
Traceback (most recent call last):
  File "<string>", line 3, in <module>
  File "<frozen importlib._bootstrap>", line 2237, in _find_and_load
  File "<frozen importlib._bootstrap>", line 2226, in _find_and_load_unlocked
  File "<frozen importlib._bootstrap>", line 1191, in _load_unlocked
  File "<frozen importlib._bootstrap>", line 1161, in _load_backward_compatible
  File "/opt/boxen/homebrew/Cellar/python3/3.4.2_1/Frameworks/Python.framework/Versions/3.4/lib/python3.4/site-packages/PyInstaller-3.0dev_23af2e3-py3.4.egg/PyInstaller/loader/pyi_importers.py", line 302, in load_module
    exec(bytecode, module.__dict__)
  File "/opt/boxen/homebrew/Cellar/python3/3.4.2_1/Frameworks/Python.framework/Versions/3.4/lib/python3.4/tkinter/__init__.py", line 38, in <module>
    import _tkinter # If this fails your Python may not be configured for Tk
  File "<frozen importlib._bootstrap>", line 2237, in _find_and_load
  File "<frozen importlib._bootstrap>", line 2226, in _find_and_load_unlocked
  File "<frozen importlib._bootstrap>", line 1191, in _load_unlocked
  File "<frozen importlib._bootstrap>", line 1161, in _load_backward_compatible
  File "/opt/boxen/homebrew/Cellar/python3/3.4.2_1/Frameworks/Python.framework/Versions/3.4/lib/python3.4/site-packages/PyInstaller-3.0dev_23af2e3-py3.4.egg/PyInstaller/loader/pyi_importers.py", line 472, in load_module
    module = loader.load_module(fullname)
ValueError: character U+658b61a8 is not in range [U+0000; U+10ffff]
LOADER: RC: -1 from helloworld_tk
LOADER: OK.
LOADER: Cleaning up Python interpreter.
LOADER: executable is /Users/Browning/Programs/PyInstaller/sandbox/dist/helloworld_tk/helloworld_tk
LOADER: homepath is /Users/Browning/Programs/PyInstaller/sandbox/dist/helloworld_tk
LOADER: _MEIPASS2 is NULL
LOADER: archivename is /Users/Browning/Programs/PyInstaller/sandbox/dist/helloworld_tk/helloworld_tk
LOADER: Extracting binaries
LOADER: Executing self as child
LOADER: set _MEIPASS2 to /Users/Browning/Programs/PyInstaller/sandbox/dist/helloworld_tk
LOADER: Entering AppleEvent main loop.
LOADER: Processing an AppleEvent.
LOADER: Back to parent
LOADER: Doing cleanup
LOADER: Freeing archive status for /Users/Browning/Programs/PyInstaller/sandbox/dist/helloworld_tk/helloworld_tk
