27 INFO: wrote /Users/Browning/Programs/PyInstaller/sandbox/helloworld.spec
28 WARNING: You are running 64-bit Python: created binaries will only work on Mac OS X 10.6+.
If you need 10.4-10.5 compatibility, run Python as a 32-bit binary with this command:

    VERSIONER_PYTHON_PREFER_32_BIT=yes arch -i386 /opt/boxen/homebrew/bin/python3

4035 INFO: UPX is available.
4036 INFO: Removing temporary files and cleaning cache in /Users/Browning/Library/Application Support/pyinstaller
4043 INFO: Extending PYTHONPATH with /Users/Browning/Programs/PyInstaller/sandbox
4043 INFO: checking Analysis
4043 INFO: building Analysis because out00-Analysis.toc non existent
4044 INFO: Creating base_library.zip for Python 3
4875 INFO: running Analysis out00-Analysis.toc
4884 INFO: Analyzing helloworld.py
4884 INFO: Analyzing /opt/boxen/homebrew/Cellar/python3/3.4.2_1/Frameworks/Python.framework/Versions/3.4/lib/python3.4/site-packages/PyInstaller-3.0dev_23af2e3-py3.4.egg/PyInstaller/loader/_pyi_bootstrap.py
5486 INFO: Analyzing /opt/boxen/homebrew/Cellar/python3/3.4.2_1/Frameworks/Python.framework/Versions/3.4/lib/python3.4/site-packages/PyInstaller-3.0dev_23af2e3-py3.4.egg/PyInstaller/loader/pyi_importers.py
5489 INFO: Analyzing /opt/boxen/homebrew/Cellar/python3/3.4.2_1/Frameworks/Python.framework/Versions/3.4/lib/python3.4/site-packages/PyInstaller-3.0dev_23af2e3-py3.4.egg/PyInstaller/loader/pyi_archive.py
5491 INFO: Analyzing /opt/boxen/homebrew/Cellar/python3/3.4.2_1/Frameworks/Python.framework/Versions/3.4/lib/python3.4/site-packages/PyInstaller-3.0dev_23af2e3-py3.4.egg/PyInstaller/loader/pyi_carchive.py
5493 INFO: Analyzing /opt/boxen/homebrew/Cellar/python3/3.4.2_1/Frameworks/Python.framework/Versions/3.4/lib/python3.4/site-packages/PyInstaller-3.0dev_23af2e3-py3.4.egg/PyInstaller/loader/pyi_os_path.py
5494 INFO: Hidden import 'codecs' has been found otherwise
5494 INFO: Hidden import 'encodings' has been found otherwise
5494 INFO: Looking for import hooks ...
5497 INFO: Processing hook   hook-encodings.py
5638 INFO: Processing hook   hook-pydoc.py
5640 INFO: Processing hook   hook-distutils.py
5642 INFO: Processing hook   hook-xml.py
5701 INFO: Processing hook   hook-xml.sax.py
5702 INFO: Processing hook   hook-site.py
5704 INFO: Processing hook   hook-sysconfig.py
5705 INFO: Analyzing run-time hooks ...
5711 INFO: Looking for dynamic libraries
5752 INFO: Looking for eggs - TODO
5753 INFO: Using Python library /opt/boxen/homebrew/Cellar/python3/3.4.2_1/Frameworks/Python.framework/Versions/3.4/Python
5775 INFO: Warnings written to /Users/Browning/Programs/PyInstaller/sandbox/build/helloworld/warnhelloworld.txt
5775 INFO: checking PYZ
5775 INFO: rebuilding out00-PYZ.toc because out00-PYZ.pyz is missing
5775 INFO: building PYZ (ZlibArchive) out00-PYZ.toc
6087 INFO: checking PKG
6087 INFO: rebuilding out00-PKG.toc because out00-PKG.pkg is missing
6087 INFO: building PKG (CArchive) out00-PKG.pkg
6093 INFO: checking EXE
6093 INFO: rebuilding out00-EXE.toc because helloworld missing
6093 INFO: building EXE from out00-EXE.toc
6094 INFO: Appending archive to EXE /Users/Browning/Programs/PyInstaller/sandbox/build/helloworld/helloworld
6096 INFO: checking COLLECT
6096 INFO: Removing dir /Users/Browning/Programs/PyInstaller/sandbox/dist/helloworld
6101 INFO: building COLLECT out00-COLLECT.toc
